[debug] [2025-07-24T15:48:16.578Z] ----------------------------------------------------------------------
[debug] [2025-07-24T15:48:16.582Z] Command:       C:\Program Files\nodejs\node.exe C:\Users\GODivyang\AppData\Roaming\npm\node_modules\firebase-tools\lib\bin\firebase.js deploy --only functions
[debug] [2025-07-24T15:48:16.583Z] CLI Version:   14.11.1
[debug] [2025-07-24T15:48:16.583Z] Platform:      win32
[debug] [2025-07-24T15:48:16.583Z] Node Version:  v22.16.0
[debug] [2025-07-24T15:48:16.583Z] Time:          Thu Jul 24 2025 21:18:16 GMT+0530 (India Standard Time)
[debug] [2025-07-24T15:48:16.583Z] ----------------------------------------------------------------------
[debug] 
[debug] [2025-07-24T15:48:16.866Z] > command requires scopes: ["email","openid","https://www.googleapis.com/auth/cloudplatformprojects.readonly","https://www.googleapis.com/auth/firebase","https://www.googleapis.com/auth/cloud-platform"]
[debug] [2025-07-24T15:48:16.866Z] > authorizing via signed-in user (divyangtewaridt@gmail.com)
[debug] [2025-07-24T15:48:16.866Z] [iam] checking project theawakening-zg for permissions ["cloudfunctions.functions.create","cloudfunctions.functions.delete","cloudfunctions.functions.get","cloudfunctions.functions.list","cloudfunctions.functions.update","cloudfunctions.operations.get","firebase.projects.get"]
[debug] [2025-07-24T15:48:16.868Z] Checked if tokens are valid: true, expires at: 1753374792961
[debug] [2025-07-24T15:48:16.868Z] Checked if tokens are valid: true, expires at: 1753374792961
[debug] [2025-07-24T15:48:16.869Z] >>> [apiv2][query] POST https://cloudresourcemanager.googleapis.com/v1/projects/theawakening-zg:testIamPermissions [none]
[debug] [2025-07-24T15:48:16.869Z] >>> [apiv2][(partial)header] POST https://cloudresourcemanager.googleapis.com/v1/projects/theawakening-zg:testIamPermissions x-goog-quota-user=projects/theawakening-zg
[debug] [2025-07-24T15:48:16.869Z] >>> [apiv2][body] POST https://cloudresourcemanager.googleapis.com/v1/projects/theawakening-zg:testIamPermissions {"permissions":["cloudfunctions.functions.create","cloudfunctions.functions.delete","cloudfunctions.functions.get","cloudfunctions.functions.list","cloudfunctions.functions.update","cloudfunctions.operations.get","firebase.projects.get"]}
[debug] [2025-07-24T15:48:18.445Z] <<< [apiv2][status] POST https://cloudresourcemanager.googleapis.com/v1/projects/theawakening-zg:testIamPermissions 200
[debug] [2025-07-24T15:48:18.445Z] <<< [apiv2][body] POST https://cloudresourcemanager.googleapis.com/v1/projects/theawakening-zg:testIamPermissions {"permissions":["cloudfunctions.functions.create","cloudfunctions.functions.delete","cloudfunctions.functions.get","cloudfunctions.functions.list","cloudfunctions.functions.update","cloudfunctions.operations.get","firebase.projects.get"]}
[debug] [2025-07-24T15:48:18.446Z] Checked if tokens are valid: true, expires at: 1753374792961
[debug] [2025-07-24T15:48:18.446Z] Checked if tokens are valid: true, expires at: 1753374792961
[debug] [2025-07-24T15:48:18.446Z] >>> [apiv2][query] POST https://iam.googleapis.com/v1/projects/theawakening-zg/serviceAccounts/theawakening-zg@appspot.gserviceaccount.com:testIamPermissions [none]
[debug] [2025-07-24T15:48:18.446Z] >>> [apiv2][body] POST https://iam.googleapis.com/v1/projects/theawakening-zg/serviceAccounts/theawakening-zg@appspot.gserviceaccount.com:testIamPermissions {"permissions":["iam.serviceAccounts.actAs"]}
[debug] [2025-07-24T15:48:20.210Z] <<< [apiv2][status] POST https://iam.googleapis.com/v1/projects/theawakening-zg/serviceAccounts/theawakening-zg@appspot.gserviceaccount.com:testIamPermissions 200
[debug] [2025-07-24T15:48:20.210Z] <<< [apiv2][body] POST https://iam.googleapis.com/v1/projects/theawakening-zg/serviceAccounts/theawakening-zg@appspot.gserviceaccount.com:testIamPermissions {"permissions":["iam.serviceAccounts.actAs"]}
[info] 
[info] === Deploying to 'theawakening-zg'...
[info] 
[info] i  deploying functions 
[info] Running command: npm --prefix "$RESOURCE_DIR" run lint
[info] +  functions: Finished running predeploy script. 
[debug] [2025-07-24T15:48:22.766Z] Checked if tokens are valid: true, expires at: 1753374792961
[debug] [2025-07-24T15:48:22.766Z] Checked if tokens are valid: true, expires at: 1753374792961
[debug] [2025-07-24T15:48:22.766Z] >>> [apiv2][query] GET https://cloudresourcemanager.googleapis.com/v1/projects/theawakening-zg [none]
[debug] [2025-07-24T15:48:23.167Z] <<< [apiv2][status] GET https://cloudresourcemanager.googleapis.com/v1/projects/theawakening-zg 200
[debug] [2025-07-24T15:48:23.167Z] <<< [apiv2][body] GET https://cloudresourcemanager.googleapis.com/v1/projects/theawakening-zg {"projectNumber":"508951316999","projectId":"theawakening-zg","lifecycleState":"ACTIVE","name":"theAwakening","labels":{"firebase":"enabled"},"createTime":"2020-10-23T03:42:19.402Z"}
[info] i  functions: preparing codebase default for deployment 
[info] i  functions: ensuring required API cloudfunctions.googleapis.com is enabled... 
[info] i  functions: ensuring required API cloudbuild.googleapis.com is enabled... 
[info] i  artifactregistry: ensuring required API artifactregistry.googleapis.com is enabled... 
[debug] [2025-07-24T15:48:23.170Z] Checked if tokens are valid: true, expires at: 1753374792961
[debug] [2025-07-24T15:48:23.170Z] Checked if tokens are valid: true, expires at: 1753374792961
[debug] [2025-07-24T15:48:23.170Z] >>> [apiv2][query] GET https://firebase.googleapis.com/v1beta1/projects/theawakening-zg/adminSdkConfig [none]
[debug] [2025-07-24T15:48:23.661Z] <<< [apiv2][status] GET https://firebase.googleapis.com/v1beta1/projects/theawakening-zg/adminSdkConfig 200
[debug] [2025-07-24T15:48:23.661Z] <<< [apiv2][body] GET https://firebase.googleapis.com/v1beta1/projects/theawakening-zg/adminSdkConfig {"projectId":"theawakening-zg","databaseURL":"https://theawakening-zg.firebaseio.com","storageBucket":"theawakening-zg.firebasestorage.app"}
[debug] [2025-07-24T15:48:23.662Z] Checked if tokens are valid: true, expires at: 1753374792961
[debug] [2025-07-24T15:48:23.662Z] Checked if tokens are valid: true, expires at: 1753374792961
[debug] [2025-07-24T15:48:23.662Z] >>> [apiv2][query] GET https://runtimeconfig.googleapis.com/v1beta1/projects/theawakening-zg/configs [none]
[debug] [2025-07-24T15:48:24.075Z] <<< [apiv2][status] GET https://runtimeconfig.googleapis.com/v1beta1/projects/theawakening-zg/configs 200
[debug] [2025-07-24T15:48:24.075Z] <<< [apiv2][body] GET https://runtimeconfig.googleapis.com/v1beta1/projects/theawakening-zg/configs {"configs":[{"name":"projects/theawakening-zg/configs/ult"},{"name":"projects/theawakening-zg/configs/utl"}]}
[debug] [2025-07-24T15:48:24.075Z] Checked if tokens are valid: true, expires at: 1753374792961
[debug] [2025-07-24T15:48:24.076Z] Checked if tokens are valid: true, expires at: 1753374792961
[debug] [2025-07-24T15:48:24.076Z] Checked if tokens are valid: true, expires at: 1753374792961
[debug] [2025-07-24T15:48:24.076Z] Checked if tokens are valid: true, expires at: 1753374792961
[debug] [2025-07-24T15:48:24.076Z] >>> [apiv2][query] GET https://runtimeconfig.googleapis.com/v1beta1/projects/theawakening-zg/configs/ult/variables [none]
[debug] [2025-07-24T15:48:24.076Z] >>> [apiv2][query] GET https://runtimeconfig.googleapis.com/v1beta1/projects/theawakening-zg/configs/utl/variables [none]
[debug] [2025-07-24T15:48:24.394Z] <<< [apiv2][status] GET https://runtimeconfig.googleapis.com/v1beta1/projects/theawakening-zg/configs/ult/variables 200
[debug] [2025-07-24T15:48:24.394Z] <<< [apiv2][body] GET https://runtimeconfig.googleapis.com/v1beta1/projects/theawakening-zg/configs/ult/variables {}
[debug] [2025-07-24T15:48:24.523Z] <<< [apiv2][status] GET https://runtimeconfig.googleapis.com/v1beta1/projects/theawakening-zg/configs/utl/variables 200
[debug] [2025-07-24T15:48:24.524Z] <<< [apiv2][body] GET https://runtimeconfig.googleapis.com/v1beta1/projects/theawakening-zg/configs/utl/variables {}
[debug] [2025-07-24T15:48:24.526Z] Validating nodejs source
[warn] !  functions: package.json indicates an outdated version of firebase-functions. Please upgrade using npm install --save firebase-functions@latest in your functions directory. 
[warn] !  functions: Please note that there will be breaking changes when you upgrade. 
[debug] [2025-07-24T15:48:25.690Z] > [functions] package.json contents: {
  "name": "functions",
  "description": "Cloud Functions for Firebase",
  "scripts": {
    "lint": "eslint . --fix",
    "serve": "firebase emulators:start --only functions",
    "shell": "firebase functions:shell",
    "start": "npm run shell",
    "deploy": "firebase deploy --only functions",
    "logs": "firebase functions:log"
  },
  "engines": {
    "node": "20"
  },
  "main": "index.js",
  "dependencies": {
    "bcryptjs": "^3.0.2",
    "cookie-parser": "^1.4.7",
    "cors": "^2.8.5",
    "dotenv": "^17.2.0",
    "express": "^5.1.0",
    "firebase-admin": "^11.11.1",
    "firebase-functions": "^3.18.0",
    "jsonwebtoken": "^9.0.2",
    "mongodb": "^6.18.0",
    "mongoose": "^8.16.4",
    "validator": "^13.15.15"
  },
  "devDependencies": {
    "eslint": "^8.9.0",
    "eslint-config-google": "^0.14.0",
    "firebase-functions-test": "^0.2.0"
  },
  "private": true
}
[debug] [2025-07-24T15:48:25.691Z] Building nodejs source
[info] i  functions: Loading and analyzing source code for codebase default to determine what to deploy 
[info] i  functions: You are using a version of firebase-functions SDK (3.24.1) that does not have support for the newest Firebase Extensions features. Please update firebase-functions SDK to >=5.1.0 to use them correctly 
[debug] [2025-07-24T15:48:25.694Z] Could not find functions.yaml. Must use http discovery
[debug] [2025-07-24T15:48:25.724Z] Found firebase-functions binary at 'C:\Users\GODivyang\OneDrive\Desktop\Awakening\ult-userAuth\functions\node_modules\.bin\firebase-functions'
[info] Serving at port 8296

[info] [dotenv@17.2.0] injecting env (8) from .env (tip: ⚙️  specify custom .env file path with { path: '/custom/path/.env' })

[debug] [2025-07-24T15:48:28.358Z] Got response from /__/functions.yaml {"endpoints":{"api":{"platform":"gcfv1","httpsTrigger":{},"entryPoint":"api"}},"specVersion":"v1alpha1","requiredAPIs":[]}
[info] shutdown requested via /__/quitquitquit

[debug] [2025-07-24T15:48:38.431Z] Failed to validate key JWT_Secret: Error: Key JWT_Secret must start with an uppercase ASCII letter or underscore, and then consist of uppercase ASCII letters, digits, and underscores.
[debug] [2025-07-24T15:48:38.431Z] Failed to validate key JWT_Secret_SSO: Error: Key JWT_Secret_SSO must start with an uppercase ASCII letter or underscore, and then consist of uppercase ASCII letters, digits, and underscores.
[debug] [2025-07-24T15:48:38.432Z] Failed to validate key mongodb_URI: Error: Key mongodb_URI must start with an uppercase ASCII letter or underscore, and then consist of uppercase ASCII letters, digits, and underscores.
[debug] [2025-07-24T15:48:38.432Z] Failed to validate key cookie_SameSite: Error: Key cookie_SameSite must start with an uppercase ASCII letter or underscore, and then consist of uppercase ASCII letters, digits, and underscores.
[debug] [2025-07-24T15:48:38.432Z] Failed to validate key cookie_Secure: Error: Key cookie_Secure must start with an uppercase ASCII letter or underscore, and then consist of uppercase ASCII letters, digits, and underscores.
[error] Error: Failed to load environment variables from .env.:
[error] - Error Key JWT_Secret must start with an uppercase ASCII letter or underscore, and then consist of uppercase ASCII letters, digits, and underscores.
[error] - Error Key JWT_Secret_SSO must start with an uppercase ASCII letter or underscore, and then consist of uppercase ASCII letters, digits, and underscores.
[error] - Error Key mongodb_URI must start with an uppercase ASCII letter or underscore, and then consist of uppercase ASCII letters, digits, and underscores.
[error] - Error Key cookie_SameSite must start with an uppercase ASCII letter or underscore, and then consist of uppercase ASCII letters, digits, and underscores.
[error] - Error Key cookie_Secure must start with an uppercase ASCII letter or underscore, and then consist of uppercase ASCII letters, digits, and underscores.
